Release 10.1.03 Map K.39 (lin)
Xilinx Mapping Report File for Design 'viscy'

Design Information
------------------
Command Line   : map -pr b viscy.ngd 
Target Device  : xc3s700a
Target Package : fg484
Target Speed   : -4
Mapper Version : spartan3a -- $Revision: 1.46.12.2 $
Mapped Date    : Thu May 28 13:10:45 2015

Design Summary
--------------
Number of errors:      0
Number of warnings:   18
Logic Utilization:
  Total Number Slice Registers:         414 out of  11,776    3%
    Number used as Flip Flops:          387
    Number used as Latches:              27
  Number of 4 input LUTs:               696 out of  11,776    5%
Logic Distribution:
  Number of occupied Slices:            483 out of   5,888    8%
    Number of Slices containing only related logic:     483 out of     483 100%
    Number of Slices containing unrelated logic:          0 out of     483   0%
      *See NOTES below for an explanation of the effects of unrelated logic.
  Total Number of 4 input LUTs:         701 out of  11,776    5%
    Number used as logic:               690
    Number used as a route-thru:          5
    Number used as Shift registers:       6
  Number of bonded IOBs:                 21 out of     372    5%
    IOB Flip Flops:                       8
  Number of BUFGMUXs:                     5 out of      24   20%
  Number of BSCANs:                       1 out of       1  100%
  Number of BSCAN_SPARTAN3As:             1 out of       1  100%
  Number of RAMB16BWEs:                  16 out of      20   80%

Peak Memory Usage:  181 MB
Total REAL time to MAP completion:  4 secs 
Total CPU time to MAP completion:   3 secs 

NOTES:

   Related logic is defined as being logic that shares connectivity - e.g. two
   LUTs are "related" if they share common inputs.  When assembling slices,
   Map gives priority to combine logic that is related.  Doing so results in
   the best timing performance.

   Unrelated logic shares no connectivity.  Map will only begin packing
   unrelated logic into a slice once 99% of the slices are occupied through
   related logic packing.

   Note that once logic distribution reaches the 99% level through related
   logic packing, this does not mean the device is completely utilized.
   Unrelated logic packing will then begin, continuing until all usable LUTs
   and FFs are occupied.  Depending on your timing budget, increased levels of
   unrelated logic packing may adversely affect the overall timing performance
   of your design.

Table of Contents
-----------------
Section 1 - Errors
Section 2 - Warnings
Section 3 - Informational
Section 4 - Removed Logic Summary
Section 5 - Removed Logic
Section 6 - IOB Properties
Section 7 - RPMs
Section 8 - Guide Report
Section 9 - Area Group and Partition Summary
Section 10 - Modular Design Summary
Section 11 - Timing Report
Section 12 - Configuration String Information
Section 13 - Control Set Information
Section 14 - Utilization by Hierarchy

Section 1 - Errors
------------------

Section 2 - Warnings
--------------------
WARNING:LIT:243 - Logical network tck has no load.
WARNING:LIT:395 - The above warning message base_net_load_rule is repeated 2
   more times for the following (max. 5 shown):
   tdi,
   tms
   To see the details of these warning messages, please use the -detail switch.
WARNING:MapLib:163 - Bus U_SYSTEM/cpu_data<0> driven by tbufs will be
   transformed to use combinational drivers.
WARNING:MapLib:163 - Bus U_SYSTEM/cpu_data<1> driven by tbufs will be
   transformed to use combinational drivers.
WARNING:MapLib:163 - Bus U_SYSTEM/cpu_data<2> driven by tbufs will be
   transformed to use combinational drivers.
WARNING:MapLib:163 - Bus U_SYSTEM/cpu_data<3> driven by tbufs will be
   transformed to use combinational drivers.
WARNING:MapLib:163 - Bus U_SYSTEM/cpu_data<4> driven by tbufs will be
   transformed to use combinational drivers.
WARNING:MapLib:163 - Bus U_SYSTEM/cpu_data<5> driven by tbufs will be
   transformed to use combinational drivers.
WARNING:MapLib:163 - Bus U_SYSTEM/cpu_data<6> driven by tbufs will be
   transformed to use combinational drivers.
WARNING:MapLib:163 - Bus U_SYSTEM/cpu_data<7> driven by tbufs will be
   transformed to use combinational drivers.
WARNING:MapLib:163 - Bus U_SYSTEM/cpu_data<8> driven by tbufs will be
   transformed to use combinational drivers.
WARNING:MapLib:163 - Bus U_SYSTEM/cpu_data<9> driven by tbufs will be
   transformed to use combinational drivers.
WARNING:MapLib:163 - Bus U_SYSTEM/cpu_data<10> driven by tbufs will be
   transformed to use combinational drivers.
WARNING:MapLib:163 - Bus U_SYSTEM/cpu_data<11> driven by tbufs will be
   transformed to use combinational drivers.
WARNING:MapLib:163 - Bus U_SYSTEM/cpu_data<12> driven by tbufs will be
   transformed to use combinational drivers.
WARNING:MapLib:163 - Bus U_SYSTEM/cpu_data<13> driven by tbufs will be
   transformed to use combinational drivers.
WARNING:MapLib:163 - Bus U_SYSTEM/cpu_data<14> driven by tbufs will be
   transformed to use combinational drivers.
WARNING:MapLib:163 - Bus U_SYSTEM/cpu_data<15> driven by tbufs will be
   transformed to use combinational drivers.

Section 3 - Informational
-------------------------
INFO:MapLib:562 - No environment variables are currently set.
INFO:MapLib:159 - Net Timing constraints on signal CLK_50M are pushed forward
   through input buffer.
INFO:LIT:244 - All of the single ended outputs in this design are using slew
   rate limited output drivers. The delay on speed critical single ended outputs
   can be dramatically reduced by designating them as fast outputs.

Section 4 - Removed Logic Summary
---------------------------------
   8 block(s) optimized away

Section 5 - Removed Logic
-------------------------

Optimized Block(s):
TYPE 		BLOCK
GND 		U_SYSTEM/U_CPU/XST_GND
GND 		XST_GND
VCC 		XST_VCC

To enable printing of redundant blocks removed and signals merged, set the
detailed map report option and rerun map.

Section 6 - IOB Properties
--------------------------

+-----------------------------------------------------------------------------------------------------------------------------------------------------------------------+
| IOB Name                           | Type             | Direction | IO Standard          | Drive    | Slew    | Reg (s)      | Resistor | IBUF/IFD | SUSPEND          |
|                                    |                  |           |                      | Strength | Rate    |              |          | Delay    |                  |
+-----------------------------------------------------------------------------------------------------------------------------------------------------------------------+
| BTN_EAST                           | IBUF             | INPUT     | LVCMOS33             |          |         |              | PULLDOWN | 0 / 0    |                  |
| BTN_NORTH                          | IBUF             | INPUT     | LVCMOS33             |          |         |              | PULLDOWN | 0 / 0    |                  |
| BTN_SOUTH                          | IBUF             | INPUT     | LVCMOS33             |          |         |              | PULLDOWN | 0 / 0    |                  |
| BTN_WEST                           | IBUF             | INPUT     | LVCMOS33             |          |         |              | PULLDOWN | 0 / 0    |                  |
| CLK_50M                            | IBUF             | INPUT     | LVCMOS33             |          |         |              |          | 0 / 0    |                  |
| LED<0>                             | IOB              | OUTPUT    | LVCMOS33             | 8        | SLOW    | OFF1         |          | 0 / 0    | 3STATE           |
| LED<1>                             | IOB              | OUTPUT    | LVCMOS33             | 8        | SLOW    | OFF1         |          | 0 / 0    | 3STATE           |
| LED<2>                             | IOB              | OUTPUT    | LVCMOS33             | 8        | SLOW    | OFF1         |          | 0 / 0    | 3STATE           |
| LED<3>                             | IOB              | OUTPUT    | LVCMOS33             | 8        | SLOW    | OFF1         |          | 0 / 0    | 3STATE           |
| LED<4>                             | IOB              | OUTPUT    | LVCMOS33             | 8        | SLOW    | OFF1         |          | 0 / 0    | 3STATE           |
| LED<5>                             | IOB              | OUTPUT    | LVCMOS33             | 8        | SLOW    | OFF1         |          | 0 / 0    | 3STATE           |
| LED<6>                             | IOB              | OUTPUT    | LVCMOS33             | 8        | SLOW    | OFF1         |          | 0 / 0    | 3STATE           |
| LED<7>                             | IOB              | OUTPUT    | LVCMOS33             | 8        | SLOW    | OFF1         |          | 0 / 0    | 3STATE           |
| ROT_A                              | IBUF             | INPUT     | LVCMOS33             |          |         |              | PULLUP   | 0 / 0    |                  |
| ROT_B                              | IBUF             | INPUT     | LVCMOS33             |          |         |              | PULLUP   | 0 / 0    |                  |
| ROT_CENTER                         | IBUF             | INPUT     | LVCMOS33             |          |         |              | PULLDOWN | 0 / 0    |                  |
| SW<0>                              | IBUF             | INPUT     | LVCMOS33             |          |         |              |          | 0 / 0    |                  |
| SW<1>                              | IBUF             | INPUT     | LVCMOS33             |          |         |              |          | 0 / 0    |                  |
| SW<2>                              | IBUF             | INPUT     | LVCMOS33             |          |         |              |          | 0 / 0    |                  |
| SW<3>                              | IBUF             | INPUT     | LVCMOS33             |          |         |              |          | 0 / 0    |                  |
| tdo                                | IOB              | OUTPUT    | LVCMOS25             | 12       | SLOW    |              |          | 0 / 0    | 3STATE           |
+-----------------------------------------------------------------------------------------------------------------------------------------------------------------------+

Section 7 - RPMs
----------------

Section 8 - Guide Report
------------------------
Guide not run on this design.

Section 9 - Area Group and Partition Summary
--------------------------------------------

Partition Implementation Status
-------------------------------

  No Partitions were found in this design.

-------------------------------

Area Group Information
----------------------

  No area groups were found in this design.

----------------------

Section 10 - Modular Design Summary
-----------------------------------
Modular Design not used for this design.

Section 11 - Timing Report
--------------------------
This design was not run using timing mode.

Section 12 - Configuration String Details
-----------------------------------------
Use the "-detail" map option to print out Configuration Strings

Section 13 - Control Set Information
------------------------------------
No control set information for this architecture.

Section 14 - Utilization by Hierarchy
-------------------------------------
+------------------------------------------------------------------------------------------------------------------------------------------------------------------------------------------------------------------------+
| Module                | Partition | Slices        | Slice Reg     | LUTs          | LUTRAM        | BRAM      | MULT18X18 | BUFG  | DCM   | Full Hierarchical Name                                                     |
+------------------------------------------------------------------------------------------------------------------------------------------------------------------------------------------------------------------------+
| viscy/                |           | 40/646        | 0/414         | 21/701        | 0/6           | 0/16      | 0/0       | 1/5   | 0/0   | viscy                                                                      |
| +U_SYSTEM             |           | 41/476        | 0/233         | 54/525        | 0/0           | 0/16      | 0/0       | 0/0   | 0/0   | viscy/U_SYSTEM                                                             |
| ++U_BLOCKRAM          |           | 2/2           | 1/1           | 2/2           | 0/0           | 16/16     | 0/0       | 0/0   | 0/0   | viscy/U_SYSTEM/U_BLOCKRAM                                                  |
| ++U_BUSLOGIC          |           | 32/32         | 0/0           | 44/44         | 0/0           | 0/0       | 0/0       | 0/0   | 0/0   | viscy/U_SYSTEM/U_BUSLOGIC                                                  |
| ++U_CPU               |           | 71/343        | 0/187         | 77/366        | 0/0           | 0/0       | 0/0       | 0/0   | 0/0   | viscy/U_SYSTEM/U_CPU                                                       |
| +++U_ALU              |           | 77/77         | 0/0           | 102/102       | 0/0           | 0/0       | 0/0       | 0/0   | 0/0   | viscy/U_SYSTEM/U_CPU/U_ALU                                                 |
| +++U_CONTROLLER       |           | 19/19         | 14/14         | 26/26         | 0/0           | 0/0       | 0/0       | 0/0   | 0/0   | viscy/U_SYSTEM/U_CPU/U_CONTROLLER                                          |
| +++U_IR               |           | 22/22         | 29/29         | 0/0           | 0/0           | 0/0       | 0/0       | 0/0   | 0/0   | viscy/U_SYSTEM/U_CPU/U_IR                                                  |
| +++U_PC               |           | 9/9           | 16/16         | 17/17         | 0/0           | 0/0       | 0/0       | 0/0   | 0/0   | viscy/U_SYSTEM/U_CPU/U_PC                                                  |
| +++U_REGFILE          |           | 145/145       | 128/128       | 144/144       | 0/0           | 0/0       | 0/0       | 0/0   | 0/0   | viscy/U_SYSTEM/U_CPU/U_REGFILE                                             |
| ++U_DBGSHELL          |           | 56/56         | 44/44         | 58/58         | 0/0           | 0/0       | 0/0       | 0/0   | 0/0   | viscy/U_SYSTEM/U_DBGSHELL                                                  |
| ++U_IOMISC            |           | 2/2           | 1/1           | 1/1           | 0/0           | 0/0       | 0/0       | 0/0   | 0/0   | viscy/U_SYSTEM/U_IOMISC                                                    |
| +U_jtag_debugger      |           | 0/130         | 0/181         | 0/155         | 0/6           | 0/0       | 0/0       | 2/4   | 0/0   | viscy/U_jtag_debugger                                                      |
| ++debug_module_0      |           | 46/130        | 78/181        | 33/155        | 1/6           | 0/0       | 0/0       | 0/2   | 0/0   | viscy/U_jtag_debugger/debug_module_0                                       |
| +++crc8_module0       |           | 5/5           | 8/8           | 4/4           | 0/0           | 0/0       | 0/0       | 0/0   | 0/0   | viscy/U_jtag_debugger/debug_module_0/crc8_module0                          |
| +++debug_controller_0 |           | 73/79         | 88/95         | 113/118       | 0/5           | 0/0       | 0/0       | 2/2   | 0/0   | viscy/U_jtag_debugger/debug_module_0/debug_controller_0                    |
| ++++crc_ok_sync       |           | 1/1           | 2/2           | 0/0           | 0/0           | 0/0       | 0/0       | 0/0   | 0/0   | viscy/U_jtag_debugger/debug_module_0/debug_controller_0/crc_ok_sync        |
| ++++tap_dr_shift_sync |           | 1/1           | 1/1           | 1/1           | 1/1           | 0/0       | 0/0       | 0/0   | 0/0   | viscy/U_jtag_debugger/debug_module_0/debug_controller_0/tap_dr_shift_sync  |
| ++++tap_dr_update_syn |           | 1/1           | 1/1           | 1/1           | 1/1           | 0/0       | 0/0       | 0/0   | 0/0   | viscy/U_jtag_debugger/debug_module_0/debug_controller_0/tap_dr_update_sync |
| ++++tap_enable_sync   |           | 1/1           | 1/1           | 1/1           | 1/1           | 0/0       | 0/0       | 0/0   | 0/0   | viscy/U_jtag_debugger/debug_module_0/debug_controller_0/tap_enable_sync    |
| ++++tap_reset_sync    |           | 1/1           | 1/1           | 1/1           | 1/1           | 0/0       | 0/0       | 0/0   | 0/0   | viscy/U_jtag_debugger/debug_module_0/debug_controller_0/tap_reset_sync     |
| ++++tap_tck_sync      |           | 1/1           | 1/1           | 1/1           | 1/1           | 0/0       | 0/0       | 0/0   | 0/0   | viscy/U_jtag_debugger/debug_module_0/debug_controller_0/tap_tck_sync       |
| ++jtag_tap0           |           | 0/0           | 0/0           | 0/0           | 0/0           | 0/0       | 0/0       | 0/0   | 0/0   | viscy/U_jtag_debugger/jtag_tap0                                            |
+------------------------------------------------------------------------------------------------------------------------------------------------------------------------------------------------------------------------+

* Slices can be packed with basic elements from multiple hierarchies.
  Therefore, a slice will be counted in every hierarchical module
  that each of its packed basic elements belong to.
** For each column, there are two numbers reported <A>/<B>.
   <A> is the number of elements that belong to that specific hierarchical module.
   <B> is the total number of elements from that hierarchical module and any lower level
   hierarchical modules below.
*** The LUTRAM column counts all LUTs used as memory including RAM, ROM, and shift registers.
